================ 方块戴森计划 · 变更记录 ================

[2026-07-16] Bug 修复
---------------------------------------------------------
1. 修复：WASD 移动方向在鼠标转向后错误
   - 原因：player.js 中水平速度的偏航旋转矩阵符号写反，
     yaw=0 时正常，转向越大偏差越大（转 90° 时前后颠倒）。
   - 修复：改为 wx = mx*cos + mz*sin, wz = mz*cos - mx*sin，
     推导自 前向 F=(-sin,-cos)、右向 R=(cos,-sin)。
   - 验证：yaw = 0 / ±90° / 180° / 任意角 时，移动方向与
     视线水平投影点积均为 1.000（完全一致）。

2. 修复：掉进水里后无法跳上方块离开水面
   - 原因：出水瞬间脚部离开水体即失去游泳浮力，且没有
     台阶辅助，卡在 1 格高的岸边反复回落。
   - 修复：player.js 碰撞增加"出水自动抬升"——在水中或
     脚下是水时，水平方向被 1 格高障碍挡住且上方无阻挡，
     则自动抬升 1.05 格爬上岸（仅限水中，陆地行走不变）。
   - 验证：模拟按住 W+空格 3 秒，玩家成功从 1 格深水池
     爬上东岸（climbedOut=true）。

3. 修复：在水里挖开水旁边的方块时，水不会流入空位
   - 原因：原本没有任何水流模拟，水是静态方块。
   - 修复：world.js 新增有界元胞水流模拟：
     · 海洋/天然水 = 无限水源(水位8)，流动水水位 1..7，
       每向外扩散一格水位 -1，最远约 7 格（仿 MC 规则）；
     · 挖掘/放置方块自动将周围格子加入评估队列，
       空格从相邻水或正上方水"汲取"生成流动水；
     · 支持垂直下落（落地后以水位 7 继续扩散）；
     · 水源被隔断后流动水会逐级干涸；
     · 节流：每 0.16s 一批、单批至多 1500 格，不影响帧率；
     · 流动水位表(flow)与方块变更一并写入存档
       （新增字段向后兼容，旧存档可正常读取）。
   - 验证：挖开水池壁后空位被水填充（水位 7）；
     悬空水源逐格下落；主流程冒烟测试 0 错误。

涉及文件：js/player.js、js/world.js、js/main.js
=========================================================

[2026-07-16] Bug 修复（补）
---------------------------------------------------------
4. 修复：地底挖掘时掉落物穿过顶层方块出现在地表
   - 原因：DropManager 物理只检测正下方方块，且没有
     顶部/侧向碰撞；出生时又给了 3~5 的向上初速度，
     导致产物直接向上穿过头顶实体方块飞到地表。
     另有累加式浮动 bob 会使掉落物缓慢向上漂移。
   - 修复：player.js DropManager 重写：
     · 掉落物按 0.14 半径小包围盒做 XYZ 分轴体素碰撞，
       不再穿墙/穿顶，撞地后水平摩擦衰减并静止；
     · 出生初速度降低（向上 1.8~3.0），并对出生点做
       安全检查：若正处于实体方块内，就近搜索当前格
       与相邻格的空位放置（掉在当前或附近空位上）；
     · 增加"被方块更新掩埋时向上顶出"兜底；
     · 移除累加漂移 bug。
   - 验证：地底 1×1 密闭气穴挖矿产物留在穴内；
     1 格高矿道内产物 maxY 不超过隧道顶（未穿顶）；
     出生在实体内的掉落物自动移至相邻空位；
     地表掉落与磁吸拾取仍正常；测试 0 错误。

涉及文件：js/player.js
=========================================================

[2026-07-16] UI 修复
---------------------------------------------------------
5. 修复：按 Esc 打开的暂停菜单按钮横向排列
   - 原因：暂停面板显示时被设为 display:flex，
     默认 flex-direction 为 row，覆盖了按钮的块级布局。
   - 修复：style.css 为 .pause-panel 增加
     flex-direction: column + align-items: center。
   - 验证：三个按钮同一 x 坐标(392)、y 依次递增
     (286/348/410)，垂直居中排列，0 错误。

涉及文件：css/style.css
=========================================================

[2026-07-16] UI 修复
---------------------------------------------------------
6. 修复：按 E 打开的背包页面布局错乱、视觉不协调
   - 原因：所有弹窗面板打开时被设为 display:flex
     （默认横向排列），标题/合成区/物品栏/快捷栏被挤成
     一行（与暂停菜单同源问题，影响背包/熔炉/箱子/
     机器/科技树全部面板）。
   - 修复：style.css 为 .panel 基类统一增加
     flex-direction: column；并优化合成区视觉：
     · 合成区加下陷式凹槽底板，与配方书风格统一；
     · .inv-top 定宽 500px，与下方 9 格物品栏完全对齐；
     · 配方书改为 flex:1 自适应填满剩余宽度。
   - 验证：标题→合成区→物品栏→快捷栏自上而下排列；
     合成区在左、配方书在右；inv-top 宽度与物品栏
     500px 精确对齐；3×3 工作台网格为正方形；
     熔炉/机器面板亦恢复垂直布局，0 错误。

涉及文件：css/style.css
=========================================================

[2026-07-16] 视觉优化
---------------------------------------------------------
7. 优化：方块破坏裂纹效果改为从中心蔓延到边界
   - 原因：原实现每个阶段独立随机撒裂纹线条，阶段间
     无连续性，也没有"逐渐裂开"的观感。
   - 修复：textures.js 重写裂纹生成——预生成 7 条自中心
     (8,8) 向外放射的锯齿裂纹路径（带横向漂移），
     5 个阶段按 20%~100% 比例截取同一组路径绘制：
     · 阶段越高裂纹越长，最终触达贴图边界；
     · 中心碎裂核随阶段扩大；
     · 进度过半后主干中段出现分叉；
     · 裂纹透明度随阶段加深(0.55→0.91)。
   - 验证：逐阶段采样贴图像素——裂纹最大半径
     2.9→4.9→7.1→9.9→10.6 单调递增，阶段0集中于中心、
     末阶段触达边界，像素数 15→73 递增，0 错误。

涉及文件：js/textures.js
=========================================================

[2026-07-16] 视觉优化
---------------------------------------------------------
8. 优化：裂纹纹理增加多样性
   - 原因：全部方块共用同一套裂纹图案，重复感强。
   - 修复：
     · textures.js 生成 4 套裂纹变体（图集 32~51 号，
       变体×5阶段），每套主干条数(6~8)、弯曲幅度、
       分叉数量(0~2)、中心碎裂核位置均不同；
     · main.js 按方块坐标哈希确定变体，并以哈希位
       决定 U 向镜像翻转——等效 8 种外观，同一方块
       每次挖掘图案固定、相邻方块图案各异。
   - 验证：4 套变体末阶段像素签名互不相同；每套均
     满足从中心蔓延到边界（maxR 单调递增至 ≥9.9）；
     40 组随机坐标哈希覆盖全部 4 种变体，0 错误。

涉及文件：js/textures.js、js/main.js
=========================================================

[2026-07-16] 功能新增
---------------------------------------------------------
9. 新增：V 键视角切换、人物模型与手持物品
   - 新增文件 js/avatar.js，包含：
     · PlayerAvatar 类：原创像素风小人模型（星际工程师
       外观），头/躯干/四肢全部为 8×8 Canvas 纹理绘制，
       带走路摆臂、挖掘挥臂、空中微张四肢动画；
     · FirstPersonHand 类：相机子节点的第一人称手臂
       + 手持物视图，支持方块 3D 展示和工具图标面片，
       走路晃动 + 挖掘/放置时向前挥动效果。
   - main.js 集成：
     · 构造函数初始化 avatar / fpHand / viewMode=0；
     · V 键循环切换 0=第一人称 1=第三人称背面 2=正面；
     · 第三人称时相机向后偏移 3.2，射线检测防穿墙；
       人物模型显示、手持模型隐藏（反之亦然）；
     · 手持物品变化时同步更新人物模型与第一人称视图；
     · 放置方块/机器时 fpHand 触发 swingOnce 挥动；
     · 冲刺时 FOV 随视角模式均生效。
   - 验证：15 项无头测试全部通过——方块/工具手持生成、
     角色身体部件与纹理正常、视角切换与相机位置正确、
     走动晃动/挖掘挥臂动画工作、物品切换同步，0 错误。

涉及文件：js/avatar.js(新)、js/main.js、index.html、
          README.md、AGENTS.md
=========================================================

[2026-07-16] 视觉优化
---------------------------------------------------------
10. 优化：手持工具显示改为立体 3D 模型
   - 原因：工具（镐/斧/锹）之前显示为 2D 图标面片，
     缺乏质感与辨识度。
   - 修复：avatar.js 中 makeHeldMesh 新增工具分支——
     · 镐：木质长柄 + 中央方块 + 左右刃 + 上锥尖；
     · 斧：长柄 + 宽扁刃 + 斜刃尖 + 楔子；
     · 锹：长柄 + 扁平板 + 刃边 + 连接处；
     按材质分木(tier1)/石(tier2)/铁(tier3)三套配色，
     手柄棕褐色不变，头部颜色从土黄→灰→银白递进。
     · 第一人称手持 45° 前倾，第三人称竖直持握。
   - 验证：石镐含 5 个几何体(Box×4+Cone×1)；
     铁斧含 4 个 BoxGeometry；方块物品仍为贴图立方；
     煤炭等普通物品仍为图标面片；0 错误。

涉及文件：js/avatar.js
=========================================================
